  GraphTheory.cpp
W:\FilesAndSuch\Cplusplus\GraphTheory\GraphTheory.cpp(259,38): warning C4244: 'argument': conversion from 'float' to 'const unsigned __int64', possible loss of data
W:\FilesAndSuch\Cplusplus\GraphTheory\GraphTheory.cpp(528,58): warning C4244: 'argument': conversion from 'int32_t' to 'T', possible loss of data
          with
          [
              T=float
          ]
W:\FilesAndSuch\Cplusplus\GraphTheory\GraphTheory.cpp(528,45): warning C4244: 'argument': conversion from 'int32_t' to 'T', possible loss of data
          with
          [
              T=float
          ]
W:\FilesAndSuch\Cplusplus\GraphTheory\GraphTheory.cpp(732,58): warning C4244: 'argument': conversion from 'int32_t' to 'T', possible loss of data
          with
          [
              T=float
          ]
W:\FilesAndSuch\Cplusplus\GraphTheory\GraphTheory.cpp(732,45): warning C4244: 'argument': conversion from 'int32_t' to 'T', possible loss of data
          with
          [
              T=float
          ]
W:\FilesAndSuch\Cplusplus\GraphTheory\GraphTheory.cpp(845,58): warning C4244: 'argument': conversion from 'int32_t' to 'T', possible loss of data
          with
          [
              T=float
          ]
W:\FilesAndSuch\Cplusplus\GraphTheory\GraphTheory.cpp(845,45): warning C4244: 'argument': conversion from 'int32_t' to 'T', possible loss of data
          with
          [
              T=float
          ]
W:\FilesAndSuch\Cplusplus\GraphTheory\GraphTheory.cpp(1091,58): warning C4244: 'argument': conversion from 'int32_t' to 'T', possible loss of data
          with
          [
              T=float
          ]
W:\FilesAndSuch\Cplusplus\GraphTheory\GraphTheory.cpp(1091,45): warning C4244: 'argument': conversion from 'int32_t' to 'T', possible loss of data
          with
          [
              T=float
          ]
W:\FilesAndSuch\Cplusplus\GraphTheory\GraphTheory.cpp(1417,58): warning C4244: 'argument': conversion from 'int32_t' to 'T', possible loss of data
          with
          [
              T=float
          ]
W:\FilesAndSuch\Cplusplus\GraphTheory\GraphTheory.cpp(1417,45): warning C4244: 'argument': conversion from 'int32_t' to 'T', possible loss of data
          with
          [
              T=float
          ]
W:\FilesAndSuch\Cplusplus\GraphTheory\GraphTheory.cpp(1683,58): warning C4244: 'argument': conversion from 'int32_t' to 'T', possible loss of data
          with
          [
              T=float
          ]
W:\FilesAndSuch\Cplusplus\GraphTheory\GraphTheory.cpp(1683,45): warning C4244: 'argument': conversion from 'int32_t' to 'T', possible loss of data
          with
          [
              T=float
          ]
W:\FilesAndSuch\Cplusplus\GraphTheory\GraphTheory.cpp(1841,58): warning C4244: 'argument': conversion from 'int32_t' to 'T', possible loss of data
          with
          [
              T=float
          ]
W:\FilesAndSuch\Cplusplus\GraphTheory\GraphTheory.cpp(1841,45): warning C4244: 'argument': conversion from 'int32_t' to 'T', possible loss of data
          with
          [
              T=float
          ]
W:\FilesAndSuch\Cplusplus\GraphTheory\GraphTheory.cpp(2172,58): warning C4244: 'argument': conversion from 'int32_t' to 'T', possible loss of data
          with
          [
              T=float
          ]
W:\FilesAndSuch\Cplusplus\GraphTheory\GraphTheory.cpp(2172,45): warning C4244: 'argument': conversion from 'int32_t' to 'T', possible loss of data
          with
          [
              T=float
          ]
W:\FilesAndSuch\Cplusplus\GraphTheory\GraphTheory.cpp(2481,58): warning C4244: 'argument': conversion from 'int32_t' to 'T', possible loss of data
          with
          [
              T=float
          ]
W:\FilesAndSuch\Cplusplus\GraphTheory\GraphTheory.cpp(2481,45): warning C4244: 'argument': conversion from 'int32_t' to 'T', possible loss of data
          with
          [
              T=float
          ]
  Generating code
  Previous IPDB not found, fall back to full compilation.
  All 1711 functions were compiled because no usable IPDB/IOBJ from previous compilation was found.
  Finished generating code
  GraphTheory.vcxproj -> W:\FilesAndSuch\Cplusplus\GraphTheory\x64\Release\GraphTheory.exe
